[debug] [2024-02-29T15:53:00.893Z] ----------------------------------------------------------------------
[debug] [2024-02-29T15:53:00.931Z] Command:       C:\Program Files\nodejs\node.exe C:\Users\annag\AppData\Roaming\npm\node_modules\firebase-tools\lib\bin\firebase.js init
[debug] [2024-02-29T15:53:00.937Z] CLI Version:   13.4.0
[debug] [2024-02-29T15:53:00.939Z] Platform:      win32
[debug] [2024-02-29T15:53:00.940Z] Node Version:  v20.11.0
[debug] [2024-02-29T15:53:00.942Z] Time:          Thu Feb 29 2024 16:53:00 GMT+0100 (czas środkowoeuropejski standardowy)
[debug] [2024-02-29T15:53:00.943Z] ----------------------------------------------------------------------
[debug] 
[debug] [2024-02-29T15:53:01.271Z] > command requires scopes: ["email","openid","https://www.googleapis.com/auth/cloudplatformprojects.readonly","https://www.googleapis.com/auth/firebase","https://www.googleapis.com/auth/cloud-platform"]
[debug] [2024-02-29T15:53:01.273Z] > authorizing via signed-in user (annagrygiercz@gmail.com)
[info] 
     ######## #### ########  ######## ########     ###     ######  ########
     ##        ##  ##     ## ##       ##     ##  ##   ##  ##       ##
     ######    ##  ########  ######   ########  #########  ######  ######
     ##        ##  ##    ##  ##       ##     ## ##     ##       ## ##
     ##       #### ##     ## ######## ########  ##     ##  ######  ########

You're about to initialize a Firebase project in this directory:

  C:\Users\annag\repos\workout-planner

Before we get started, keep in mind:

  * You are initializing within an existing Firebase project directory

[info] 
=== Project Setup
[info] 
[info] First, let's associate this project directory with a Firebase project.
[info] You can create multiple project aliases by running firebase use --add, 
[info] but for now we'll just set up a default project.
[info] 
[debug] [2024-02-29T15:53:09.940Z] Using project from CLI flag: workout-planner-5b971
[debug] [2024-02-29T15:53:09.946Z] > refreshing access token with scopes: []
[debug] [2024-02-29T15:53:09.956Z] >>> [apiv2][query] POST https://www.googleapis.com/oauth2/v3/token [none]
[debug] [2024-02-29T15:53:09.956Z] >>> [apiv2][body] POST https://www.googleapis.com/oauth2/v3/token [omitted]
[debug] [2024-02-29T15:53:10.449Z] <<< [apiv2][status] POST https://www.googleapis.com/oauth2/v3/token 200
[debug] [2024-02-29T15:53:10.449Z] <<< [apiv2][body] POST https://www.googleapis.com/oauth2/v3/token [omitted]
[debug] [2024-02-29T15:53:10.466Z] >>> [apiv2][query] GET https://firebase.googleapis.com/v1beta1/projects/workout-planner-5b971 [none]
[debug] [2024-02-29T15:53:11.055Z] <<< [apiv2][status] GET https://firebase.googleapis.com/v1beta1/projects/workout-planner-5b971 200
[debug] [2024-02-29T15:53:11.055Z] <<< [apiv2][body] GET https://firebase.googleapis.com/v1beta1/projects/workout-planner-5b971 {"projectId":"workout-planner-5b971","projectNumber":"1033583777598","displayName":"workout-planner","name":"projects/workout-planner-5b971","resources":{"hostingSite":"workout-planner-5b971"},"state":"ACTIVE","etag":"1_f367de99-774a-4e94-8ecf-3443aed06c70"}
[info] i  Using project workout-planner-5b971 (workout-planner) 
[info] 
=== Hosting Setup
[debug] [2024-02-29T15:53:11.066Z] >>> [apiv2][query] GET https://firebase.googleapis.com/v1beta1/projects/workout-planner-5b971 [none]
[debug] [2024-02-29T15:53:11.460Z] <<< [apiv2][status] GET https://firebase.googleapis.com/v1beta1/projects/workout-planner-5b971 200
[debug] [2024-02-29T15:53:11.460Z] <<< [apiv2][body] GET https://firebase.googleapis.com/v1beta1/projects/workout-planner-5b971 {"projectId":"workout-planner-5b971","projectNumber":"1033583777598","displayName":"workout-planner","name":"projects/workout-planner-5b971","resources":{"hostingSite":"workout-planner-5b971"},"state":"ACTIVE","etag":"1_f367de99-774a-4e94-8ecf-3443aed06c70"}
[info] 
[info] Your public directory is the folder (relative to your project directory) that
[info] will contain Hosting assets to be uploaded with firebase deploy. If you
[info] have a build process for your assets, use your build's output directory.
[info] 
[debug] [2024-02-29T15:55:17.434Z] ----------------------------------------------------------------------
[debug] [2024-02-29T15:55:17.443Z] Command:       C:\Program Files\nodejs\node.exe C:\Users\annag\AppData\Roaming\npm\node_modules\firebase-tools\lib\bin\firebase.js init
[debug] [2024-02-29T15:55:17.444Z] CLI Version:   13.4.0
[debug] [2024-02-29T15:55:17.444Z] Platform:      win32
[debug] [2024-02-29T15:55:17.445Z] Node Version:  v20.11.0
[debug] [2024-02-29T15:55:17.445Z] Time:          Thu Feb 29 2024 16:55:17 GMT+0100 (czas środkowoeuropejski standardowy)
[debug] [2024-02-29T15:55:17.445Z] ----------------------------------------------------------------------
[debug] 
[debug] [2024-02-29T15:55:17.573Z] > command requires scopes: ["email","openid","https://www.googleapis.com/auth/cloudplatformprojects.readonly","https://www.googleapis.com/auth/firebase","https://www.googleapis.com/auth/cloud-platform"]
[debug] [2024-02-29T15:55:17.575Z] > authorizing via signed-in user (annagrygiercz@gmail.com)
[info] 
     ######## #### ########  ######## ########     ###     ######  ########
     ##        ##  ##     ## ##       ##     ##  ##   ##  ##       ##
     ######    ##  ########  ######   ########  #########  ######  ######
     ##        ##  ##    ##  ##       ##     ## ##     ##       ## ##
     ##       #### ##     ## ######## ########  ##     ##  ######  ########

You're about to initialize a Firebase project in this directory:

  C:\Users\annag\repos\workout-planner

Before we get started, keep in mind:

  * You are initializing within an existing Firebase project directory

[info] 
=== Project Setup
[info] 
[info] First, let's associate this project directory with a Firebase project.
[info] You can create multiple project aliases by running firebase use --add, 
[info] but for now we'll just set up a default project.
[info] 
[debug] [2024-02-29T15:55:24.550Z] Using project from CLI flag: workout-planner-5b971
[debug] [2024-02-29T15:55:24.557Z] >>> [apiv2][query] GET https://firebase.googleapis.com/v1beta1/projects/workout-planner-5b971 [none]
[debug] [2024-02-29T15:55:25.176Z] <<< [apiv2][status] GET https://firebase.googleapis.com/v1beta1/projects/workout-planner-5b971 200
[debug] [2024-02-29T15:55:25.177Z] <<< [apiv2][body] GET https://firebase.googleapis.com/v1beta1/projects/workout-planner-5b971 {"projectId":"workout-planner-5b971","projectNumber":"1033583777598","displayName":"workout-planner","name":"projects/workout-planner-5b971","resources":{"hostingSite":"workout-planner-5b971"},"state":"ACTIVE","etag":"1_f367de99-774a-4e94-8ecf-3443aed06c70"}
[info] i  Using project workout-planner-5b971 (workout-planner) 
[info] 
=== Hosting Setup
[debug] [2024-02-29T15:55:25.191Z] >>> [apiv2][query] GET https://firebase.googleapis.com/v1beta1/projects/workout-planner-5b971 [none]
[debug] [2024-02-29T15:55:25.401Z] <<< [apiv2][status] GET https://firebase.googleapis.com/v1beta1/projects/workout-planner-5b971 200
[debug] [2024-02-29T15:55:25.402Z] <<< [apiv2][body] GET https://firebase.googleapis.com/v1beta1/projects/workout-planner-5b971 {"projectId":"workout-planner-5b971","projectNumber":"1033583777598","displayName":"workout-planner","name":"projects/workout-planner-5b971","resources":{"hostingSite":"workout-planner-5b971"},"state":"ACTIVE","etag":"1_f367de99-774a-4e94-8ecf-3443aed06c70"}
[info] 
[info] Your public directory is the folder (relative to your project directory) that
[info] will contain Hosting assets to be uploaded with firebase deploy. If you
[info] have a build process for your assets, use your build's output directory.
[info] 
[info] i  Skipping write of build/404.html 
[debug] [2024-02-29T15:55:58.664Z] >>> [apiv2][query] GET https://www.gstatic.com/firebasejs/releases.json [none]
[debug] [2024-02-29T15:55:58.810Z] <<< [apiv2][status] GET https://www.gstatic.com/firebasejs/releases.json 200
[debug] [2024-02-29T15:55:58.810Z] <<< [apiv2][body] GET https://www.gstatic.com/firebasejs/releases.json {"current":{"version":"10.8.1","browserURL":"https://www.gstatic.com/firebasejs/10.8.1/firebase.js","packageURL":"https://www.gstatic.com/firebasejs/10.8.1/firebase.tgz"},"live":{"version":"10.8","browserURL":"https://www.gstatic.com/firebasejs/live/10.8/firebase.js","packageURL":"https://www.gstatic.com/firebasejs/live/10.8/firebase.tgz"},"components":{"analytics":"https://www.gstatic.com/firebasejs/10.8.1/firebase-analytics.js","app":"https://www.gstatic.com/firebasejs/10.8.1/firebase-app.js","app-check":"https://www.gstatic.com/firebasejs/10.8.1/firebase-app-check.js","auth":"https://www.gstatic.com/firebasejs/10.8.1/firebase-auth.js","auth/cordova":"https://www.gstatic.com/firebasejs/10.8.1/firebase-auth/cordova.js","auth/web-extension":"https://www.gstatic.com/firebasejs/10.8.1/firebase-auth/web-extension.js","functions":"https://www.gstatic.com/firebasejs/10.8.1/firebase-functions.js","firestore":"https://www.gstatic.com/firebasejs/10.8.1/firebase-firestore.js","firestore/lite":"https://www.gstatic.com/firebasejs/10.8.1/firebase-firestore/lite.js","installations":"https://www.gstatic.com/firebasejs/10.8.1/firebase-installations.js","storage":"https://www.gstatic.com/firebasejs/10.8.1/firebase-storage.js","performance":"https://www.gstatic.com/firebasejs/10.8.1/firebase-performance.js","remote-config":"https://www.gstatic.com/firebasejs/10.8.1/firebase-remote-config.js","messaging":"https://www.gstatic.com/firebasejs/10.8.1/firebase-messaging.js","messaging/sw":"https://www.gstatic.com/firebasejs/10.8.1/firebase-messaging/sw.js","database":"https://www.gstatic.com/firebasejs/10.8.1/firebase-database.js","firestore.memory":"https://www.gstatic.com/firebasejs/10.8.1/firebase-firestore.memory.js"}}
[info] +  Wrote build/index.html 
[info] 
[info] i  Detected a .git folder at C:\Users\annag\repos\workout-planner 
[info] i  Authorizing with GitHub to upload your service account to a GitHub repository's secrets store. 
[info] 
[info] Visit this URL on this device to log in:
[info] https://github.com/login/oauth/authorize?client_id=89cf50f02ac6aaed3484&state=858527863&redirect_uri=http%3A%2F%2Flocalhost%3A9005&scope=read%3Auser%20repo%20public_repo
[info] 
[info] Waiting for authentication...
[debug] [2024-02-29T15:56:20.208Z] >>> [apiv2][query] POST https://github.com/login/oauth/access_token [none]
[debug] [2024-02-29T15:56:20.209Z] >>> [apiv2][body] POST https://github.com/login/oauth/access_token [stream]
[debug] [2024-02-29T15:56:20.624Z] <<< [apiv2][status] POST https://github.com/login/oauth/access_token 200
[debug] [2024-02-29T15:56:20.625Z] <<< [apiv2][body] POST https://github.com/login/oauth/access_token {"access_token":"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","token_type":"bearer","scope":"read:user,repo"}
[debug] [2024-02-29T15:56:20.991Z] >>> [apiv2][query] GET https://api.github.com/user [none]
[debug] [2024-02-29T15:56:21.362Z] <<< [apiv2][status] GET https://api.github.com/user 200
[debug] [2024-02-29T15:56:21.362Z] <<< [apiv2][body] GET https://api.github.com/user {"login":"anngryg","id":135035902,"node_id":"U_kgDOCAx7_g","avatar_url":"https://avatars.githubusercontent.com/u/135035902?v=4","gravatar_id":"","url":"https://api.github.com/users/anngryg","html_url":"https://github.com/anngryg","followers_url":"https://api.github.com/users/anngryg/followers","following_url":"https://api.github.com/users/anngryg/following{/other_user}","gists_url":"https://api.github.com/users/anngryg/gists{/gist_id}","starred_url":"https://api.github.com/users/anngryg/starred{/owner}{/repo}","subscriptions_url":"https://api.github.com/users/anngryg/subscriptions","organizations_url":"https://api.github.com/users/anngryg/orgs","repos_url":"https://api.github.com/users/anngryg/repos","events_url":"https://api.github.com/users/anngryg/events{/privacy}","received_events_url":"https://api.github.com/users/anngryg/received_events","type":"User","site_admin":false,"name":null,"company":null,"blog":"","location":null,"email":null,"hireable":null,"bio":null,"twitter_username":null,"public_repos":19,"public_gists":0,"followers":0,"following":0,"created_at":"2023-05-30T13:56:35Z","updated_at":"2024-02-29T15:00:29Z","private_gists":0,"total_private_repos":2,"owned_private_repos":2,"disk_usage":18977,"collaborators":0,"two_factor_authentication":false,"plan":{"name":"free","space":976562499,"collaborators":0,"private_repos":10000}}
[info] 
[info] +  Success! Logged into GitHub as anngryg 
[info] 
[debug] [2024-02-29T15:56:56.604Z] ----------------------------------------------------------------------
[debug] [2024-02-29T15:56:56.629Z] Command:       C:\Program Files\nodejs\node.exe C:\Users\annag\AppData\Roaming\npm\node_modules\firebase-tools\lib\bin\firebase.js init
[debug] [2024-02-29T15:56:56.630Z] CLI Version:   13.4.0
[debug] [2024-02-29T15:56:56.630Z] Platform:      win32
[debug] [2024-02-29T15:56:56.631Z] Node Version:  v20.11.0
[debug] [2024-02-29T15:56:56.631Z] Time:          Thu Feb 29 2024 16:56:56 GMT+0100 (czas środkowoeuropejski standardowy)
[debug] [2024-02-29T15:56:56.632Z] ----------------------------------------------------------------------
[debug] 
[debug] [2024-02-29T15:56:56.767Z] > command requires scopes: ["email","openid","https://www.googleapis.com/auth/cloudplatformprojects.readonly","https://www.googleapis.com/auth/firebase","https://www.googleapis.com/auth/cloud-platform"]
[debug] [2024-02-29T15:56:56.768Z] > authorizing via signed-in user (annagrygiercz@gmail.com)
[info] 
     ######## #### ########  ######## ########     ###     ######  ########
     ##        ##  ##     ## ##       ##     ##  ##   ##  ##       ##
     ######    ##  ########  ######   ########  #########  ######  ######
     ##        ##  ##    ##  ##       ##     ## ##     ##       ## ##
     ##       #### ##     ## ######## ########  ##     ##  ######  ########

You're about to initialize a Firebase project in this directory:

  C:\Users\annag\repos\workout-planner

Before we get started, keep in mind:

  * You are initializing within an existing Firebase project directory

